{"numFailedTestSuites":0,"numFailedTests":0,"numPassedTestSuites":1,"numPassedTests":11,"numPendingTestSuites":0,"numPendingTests":0,"numRuntimeErrorTestSuites":0,"numTodoTests":0,"numTotalTestSuites":1,"numTotalTests":11,"openHandles":[],"snapshot":{"added":0,"didUpdate":false,"failure":false,"filesAdded":0,"filesRemoved":0,"filesRemovedList":[],"filesUnmatched":0,"filesUpdated":0,"matched":0,"total":0,"unchecked":0,"uncheckedKeysByFile":[],"unmatched":0,"updated":0},"startTime":1774334120763,"success":true,"testResults":[{"assertionResults":[{"ancestorTitles":["Routes: /api/gas","GET /status"],"duration":61,"failureDetails":[],"failureMessages":[],"fullName":"Routes: /api/gas GET /status returns blockchain stats","invocations":1,"location":null,"numPassingAsserts":2,"retryReasons":[],"status":"passed","title":"returns blockchain stats"},{"ancestorTitles":["Routes: /api/gas","GET /status"],"duration":7,"failureDetails":[],"failureMessages":[],"fullName":"Routes: /api/gas GET /status returns fallback when chain unreachable","invocations":1,"location":null,"numPassingAsserts":2,"retryReasons":[],"status":"passed","title":"returns fallback when chain unreachable"},{"ancestorTitles":["Routes: /api/gas","GET /balances"],"duration":15,"failureDetails":[],"failureMessages":[],"fullName":"Routes: /api/gas GET /balances returns balances for admin","invocations":1,"location":null,"numPassingAsserts":2,"retryReasons":[],"status":"passed","title":"returns balances for admin"},{"ancestorTitles":["Routes: /api/gas","GET /balances"],"duration":6,"failureDetails":[],"failureMessages":[],"fullName":"Routes: /api/gas GET /balances rejects non-admin users","invocations":1,"location":null,"numPassingAsserts":1,"retryReasons":[],"status":"passed","title":"rejects non-admin users"},{"ancestorTitles":["Routes: /api/gas","GET /balances"],"duration":5,"failureDetails":[],"failureMessages":[],"fullName":"Routes: /api/gas GET /balances returns 401 without token","invocations":1,"location":null,"numPassingAsserts":1,"retryReasons":[],"status":"passed","title":"returns 401 without token"},{"ancestorTitles":["Routes: /api/analytics","GET /stats"],"duration":7,"failureDetails":[],"failureMessages":[],"fullName":"Routes: /api/analytics GET /stats returns dashboard stats with computed TPS","invocations":1,"location":null,"numPassingAsserts":4,"retryReasons":[],"status":"passed","title":"returns dashboard stats with computed TPS"},{"ancestorTitles":["Routes: /api/analytics","GET /kpis/realtime"],"duration":8,"failureDetails":[],"failureMessages":[],"fullName":"Routes: /api/analytics GET /kpis/realtime returns realtime KPI snapshot","invocations":1,"location":null,"numPassingAsserts":8,"retryReasons":[],"status":"passed","title":"returns realtime KPI snapshot"},{"ancestorTitles":["Routes: /api/analytics","GET /platform"],"duration":7,"failureDetails":[],"failureMessages":[],"fullName":"Routes: /api/analytics GET /platform returns platform analytics for authenticated user","invocations":1,"location":null,"numPassingAsserts":3,"retryReasons":[],"status":"passed","title":"returns platform analytics for authenticated user"},{"ancestorTitles":["Routes: /api/analytics","GET /platform"],"duration":7,"failureDetails":[],"failureMessages":[],"fullName":"Routes: /api/analytics GET /platform returns cached analytics","invocations":1,"location":null,"numPassingAsserts":2,"retryReasons":[],"status":"passed","title":"returns cached analytics"},{"ancestorTitles":["Routes: /api/analytics","GET /platform"],"duration":7,"failureDetails":[],"failureMessages":[],"fullName":"Routes: /api/analytics GET /platform returns 401 without token","invocations":1,"location":null,"numPassingAsserts":1,"retryReasons":[],"status":"passed","title":"returns 401 without token"},{"ancestorTitles":["Routes: /api/analytics","GET /user/:address"],"duration":5,"failureDetails":[],"failureMessages":[],"fullName":"Routes: /api/analytics GET /user/:address returns user analytics","invocations":1,"location":null,"numPassingAsserts":3,"retryReasons":[],"status":"passed","title":"returns user analytics"}],"endTime":1774334163124,"message":"","name":"D:\\Documentos D\\Documentos Yoe\\BeZhas\\BeZhas Blockchain\\api\\__tests__\\routes\\gas-analytics.test.js","startTime":1774334120837,"status":"passed","summary":""}],"wasInterrupted":false}
